<?xml version="1.0" encoding="UTF-8"?>
<testsuite name="steps.LoginStep" tests="1" skipped="0" failures="0" errors="0" timestamp="2025-07-12T00:06:22.146Z" hostname="sayan-82nc" time="0.022">
  <properties/>
  <testcase name="getTitle" classname="steps.LoginStep" time="0.022"/>
  <system-out><![CDATA[]]></system-out>
  <system-err><![CDATA[]]></system-err>
</testsuite>
