<?xml version="1.0" encoding="UTF-8"?>
<testsuite name="steps.LoginSteps" tests="1" skipped="0" failures="0" errors="0" timestamp="2025-07-13T00:08:49.047Z" hostname="sayan-82nc" time="1.913">
  <properties/>
  <testcase name="completeLoginFlow" classname="steps.LoginSteps" time="1.913"/>
  <system-out><![CDATA[Initializing page elements...
Page elements initialized successfully
Clicking on element: [[FirefoxDriver: firefox on linux (6145d457-ea75-44ba-8ac5-077f1c14ab68)] -> class name: ico-login]
Clicked on element: [[FirefoxDriver: firefox on linux (6145d457-ea75-44ba-8ac5-077f1c14ab68)] -> class name: ico-login]
Sending keys to element: [[FirefoxDriver: firefox on linux (6145d457-ea75-44ba-8ac5-077f1c14ab68)] -> class name: email] - Keys: test@example.com
Sent keys to element: [[FirefoxDriver: firefox on linux (6145d457-ea75-44ba-8ac5-077f1c14ab68)] -> class name: email] - Keys: test@example.com
Sending keys to element: [[FirefoxDriver: firefox on linux (6145d457-ea75-44ba-8ac5-077f1c14ab68)] -> class name: password] - Keys: password123
Sent keys to element: [[FirefoxDriver: firefox on linux (6145d457-ea75-44ba-8ac5-077f1c14ab68)] -> class name: password] - Keys: password123
Clicking on element: [[FirefoxDriver: firefox on linux (6145d457-ea75-44ba-8ac5-077f1c14ab68)] -> css selector: .button-1.login-button]
Clicked on element: [[FirefoxDriver: firefox on linux (6145d457-ea75-44ba-8ac5-077f1c14ab68)] -> css selector: .button-1.login-button]
]]></system-out>
  <system-err><![CDATA[]]></system-err>
</testsuite>
