<?xml version="1.0" encoding="UTF-8"?>
<testsuite name="steps.LoginSteps" tests="1" skipped="0" failures="0" errors="0" timestamp="2025-07-13T22:32:28.408Z" hostname="sayan-82nc" time="2.322">
  <properties/>
  <testcase name="completeLoginFlow" classname="steps.LoginSteps" time="2.322"/>
  <system-out><![CDATA[Initializing page elements...
Page elements initialized successfully
Clicking on element: [[FirefoxDriver: firefox on linux (2de4d904-eb03-4b08-b330-6633b4896572)] -> css selector: a.ico-login]
Clicked on element: [[FirefoxDriver: firefox on linux (2de4d904-eb03-4b08-b330-6633b4896572)] -> css selector: a.ico-login]
Sending keys to element: [[FirefoxDriver: firefox on linux (2de4d904-eb03-4b08-b330-6633b4896572)] -> css selector: input.email] - Keys: test@example.com
Sent keys to element: [[FirefoxDriver: firefox on linux (2de4d904-eb03-4b08-b330-6633b4896572)] -> css selector: input.email] - Keys: test@example.com
Sending keys to element: [[FirefoxDriver: firefox on linux (2de4d904-eb03-4b08-b330-6633b4896572)] -> css selector: input.password] - Keys: password123
Sent keys to element: [[FirefoxDriver: firefox on linux (2de4d904-eb03-4b08-b330-6633b4896572)] -> css selector: input.password] - Keys: password123
Clicking on element: [[FirefoxDriver: firefox on linux (2de4d904-eb03-4b08-b330-6633b4896572)] -> css selector: input.button-1.login-button]
Clicked on element: [[FirefoxDriver: firefox on linux (2de4d904-eb03-4b08-b330-6633b4896572)] -> css selector: input.button-1.login-button]
]]></system-out>
  <system-err><![CDATA[]]></system-err>
</testsuite>
